CRITICAL - 2023-06-14 14:49:13 --> Undefined property: stdClass::$book_id
in APPPATH\Views\user_view.php on line 38.
 1 APPPATH\Views\user_view.php(38): CodeIgniter\Debug\Exceptions->errorHandler(8, 'Undefined property: stdClass::$book_id', 'C:\\xampp\\htdocs\\crud\\app\\Views\\user_view.php', 38, [...])
 2 SYSTEMPATH\View\View.php(213): include('C:\\xampp\\htdocs\\crud\\app\\Views\\user_view.php')
 3 SYSTEMPATH\View\View.php(216): CodeIgniter\View\View->CodeIgniter\View\{closure}()
 4 SYSTEMPATH\Common.php(1184): CodeIgniter\View\View->render('user_view', [], true)
 5 APPPATH\Controllers\User.php(16): view('user_view', [...])
 6 SYSTEMPATH\CodeIgniter.php(934): App\Controllers\User->index()
 7 SYSTEMPATH\CodeIgniter.php(499): CodeIgniter\CodeIgniter->runController(Object(App\Controllers\User))
 8 SYSTEMPATH\CodeIgniter.php(368): CodeIgniter\CodeIgniter->handleRequest(null, Object(Config\Cache), false)
 9 FCPATH\index.php(67): CodeIgniter\CodeIgniter->run()
CRITICAL - 2023-06-14 14:52:15 --> Undefined variable: book
in APPPATH\Views\user_view.php on line 38.
 1 APPPATH\Views\user_view.php(38): CodeIgniter\Debug\Exceptions->errorHandler(8, 'Undefined variable: book', 'C:\\xampp\\htdocs\\crud\\app\\Views\\user_view.php', 38, [...])
 2 SYSTEMPATH\View\View.php(213): include('C:\\xampp\\htdocs\\crud\\app\\Views\\user_view.php')
 3 SYSTEMPATH\View\View.php(216): CodeIgniter\View\View->CodeIgniter\View\{closure}()
 4 SYSTEMPATH\Common.php(1184): CodeIgniter\View\View->render('user_view', [], true)
 5 APPPATH\Controllers\User.php(16): view('user_view', [...])
 6 SYSTEMPATH\CodeIgniter.php(934): App\Controllers\User->index()
 7 SYSTEMPATH\CodeIgniter.php(499): CodeIgniter\CodeIgniter->runController(Object(App\Controllers\User))
 8 SYSTEMPATH\CodeIgniter.php(368): CodeIgniter\CodeIgniter->handleRequest(null, Object(Config\Cache), false)
 9 FCPATH\index.php(67): CodeIgniter\CodeIgniter->run()
CRITICAL - 2023-06-14 14:52:44 --> Undefined property: stdClass::$book_isbn
in APPPATH\Views\user_view.php on line 39.
 1 APPPATH\Views\user_view.php(39): CodeIgniter\Debug\Exceptions->errorHandler(8, 'Undefined property: stdClass::$book_isbn', 'C:\\xampp\\htdocs\\crud\\app\\Views\\user_view.php', 39, [...])
 2 SYSTEMPATH\View\View.php(213): include('C:\\xampp\\htdocs\\crud\\app\\Views\\user_view.php')
 3 SYSTEMPATH\View\View.php(216): CodeIgniter\View\View->CodeIgniter\View\{closure}()
 4 SYSTEMPATH\Common.php(1184): CodeIgniter\View\View->render('user_view', [], true)
 5 APPPATH\Controllers\User.php(16): view('user_view', [...])
 6 SYSTEMPATH\CodeIgniter.php(934): App\Controllers\User->index()
 7 SYSTEMPATH\CodeIgniter.php(499): CodeIgniter\CodeIgniter->runController(Object(App\Controllers\User))
 8 SYSTEMPATH\CodeIgniter.php(368): CodeIgniter\CodeIgniter->handleRequest(null, Object(Config\Cache), false)
 9 FCPATH\index.php(67): CodeIgniter\CodeIgniter->run()
CRITICAL - 2023-06-14 14:53:29 --> Undefined property: stdClass::$user_isbn
in APPPATH\Views\user_view.php on line 39.
 1 APPPATH\Views\user_view.php(39): CodeIgniter\Debug\Exceptions->errorHandler(8, 'Undefined property: stdClass::$user_isbn', 'C:\\xampp\\htdocs\\crud\\app\\Views\\user_view.php', 39, [...])
 2 SYSTEMPATH\View\View.php(213): include('C:\\xampp\\htdocs\\crud\\app\\Views\\user_view.php')
 3 SYSTEMPATH\View\View.php(216): CodeIgniter\View\View->CodeIgniter\View\{closure}()
 4 SYSTEMPATH\Common.php(1184): CodeIgniter\View\View->render('user_view', [], true)
 5 APPPATH\Controllers\User.php(16): view('user_view', [...])
 6 SYSTEMPATH\CodeIgniter.php(934): App\Controllers\User->index()
 7 SYSTEMPATH\CodeIgniter.php(499): CodeIgniter\CodeIgniter->runController(Object(App\Controllers\User))
 8 SYSTEMPATH\CodeIgniter.php(368): CodeIgniter\CodeIgniter->handleRequest(null, Object(Config\Cache), false)
 9 FCPATH\index.php(67): CodeIgniter\CodeIgniter->run()
CRITICAL - 2023-06-14 14:53:31 --> Undefined property: stdClass::$user_isbn
in APPPATH\Views\user_view.php on line 39.
 1 APPPATH\Views\user_view.php(39): CodeIgniter\Debug\Exceptions->errorHandler(8, 'Undefined property: stdClass::$user_isbn', 'C:\\xampp\\htdocs\\crud\\app\\Views\\user_view.php', 39, [...])
 2 SYSTEMPATH\View\View.php(213): include('C:\\xampp\\htdocs\\crud\\app\\Views\\user_view.php')
 3 SYSTEMPATH\View\View.php(216): CodeIgniter\View\View->CodeIgniter\View\{closure}()
 4 SYSTEMPATH\Common.php(1184): CodeIgniter\View\View->render('user_view', [], true)
 5 APPPATH\Controllers\User.php(16): view('user_view', [...])
 6 SYSTEMPATH\CodeIgniter.php(934): App\Controllers\User->index()
 7 SYSTEMPATH\CodeIgniter.php(499): CodeIgniter\CodeIgniter->runController(Object(App\Controllers\User))
 8 SYSTEMPATH\CodeIgniter.php(368): CodeIgniter\CodeIgniter->handleRequest(null, Object(Config\Cache), false)
 9 FCPATH\index.php(67): CodeIgniter\CodeIgniter->run()
CRITICAL - 2023-06-14 14:53:31 --> Undefined property: stdClass::$user_isbn
in APPPATH\Views\user_view.php on line 39.
 1 APPPATH\Views\user_view.php(39): CodeIgniter\Debug\Exceptions->errorHandler(8, 'Undefined property: stdClass::$user_isbn', 'C:\\xampp\\htdocs\\crud\\app\\Views\\user_view.php', 39, [...])
 2 SYSTEMPATH\View\View.php(213): include('C:\\xampp\\htdocs\\crud\\app\\Views\\user_view.php')
 3 SYSTEMPATH\View\View.php(216): CodeIgniter\View\View->CodeIgniter\View\{closure}()
 4 SYSTEMPATH\Common.php(1184): CodeIgniter\View\View->render('user_view', [], true)
 5 APPPATH\Controllers\User.php(16): view('user_view', [...])
 6 SYSTEMPATH\CodeIgniter.php(934): App\Controllers\User->index()
 7 SYSTEMPATH\CodeIgniter.php(499): CodeIgniter\CodeIgniter->runController(Object(App\Controllers\User))
 8 SYSTEMPATH\CodeIgniter.php(368): CodeIgniter\CodeIgniter->handleRequest(null, Object(Config\Cache), false)
 9 FCPATH\index.php(67): CodeIgniter\CodeIgniter->run()
ERROR - 2023-06-14 15:03:31 --> mysqli_sql_exception: Unknown column 'book_id' in 'where clause' in C:\xampp\htdocs\crud\system\Database\MySQLi\Connection.php:295
Stack trace:
#0 C:\xampp\htdocs\crud\system\Database\MySQLi\Connection.php(295): mysqli->query('select * from u...', 0)
#1 C:\xampp\htdocs\crud\system\Database\BaseConnection.php(692): CodeIgniter\Database\MySQLi\Connection->execute('select * from u...')
#2 C:\xampp\htdocs\crud\system\Database\BaseConnection.php(606): CodeIgniter\Database\BaseConnection->simpleQuery('select * from u...')
#3 C:\xampp\htdocs\crud\app\Models\User_model.php(23): CodeIgniter\Database\BaseConnection->query('select * from u...')
#4 C:\xampp\htdocs\crud\app\Controllers\User.php(38): App\Models\User_model->get_by_id('1')
#5 C:\xampp\htdocs\crud\system\CodeIgniter.php(934): App\Controllers\User->ajax_edit('1')
#6 C:\xampp\htdocs\crud\system\CodeIgniter.php(499): CodeIgniter\CodeIgniter->runController(Object(App\Controllers\User))
#7 C:\xampp\htdocs\crud\system\CodeIgniter.php(368): CodeIgniter\CodeIgniter->handleRequest(NULL, Object(Config\Cache), false)
#8 C:\xampp\htdocs\crud\public\index.php(67): CodeIgniter\CodeIgniter->run()
#9 {main}
CRITICAL - 2023-06-14 15:03:31 --> Unknown column 'book_id' in 'where clause'
in SYSTEMPATH\Database\MySQLi\Connection.php on line 295.
 1 SYSTEMPATH\Database\MySQLi\Connection.php(295): mysqli->query('select * from users where book_id =1', 0)
 2 SYSTEMPATH\Database\BaseConnection.php(692): CodeIgniter\Database\MySQLi\Connection->execute('select * from users where book_id =1')
 3 SYSTEMPATH\Database\BaseConnection.php(606): CodeIgniter\Database\BaseConnection->simpleQuery('select * from users where book_id =1')
 4 APPPATH\Models\User_model.php(23): CodeIgniter\Database\BaseConnection->query('select * from users where book_id =1')
 5 APPPATH\Controllers\User.php(38): App\Models\User_model->get_by_id('1')
 6 SYSTEMPATH\CodeIgniter.php(934): App\Controllers\User->ajax_edit('1')
 7 SYSTEMPATH\CodeIgniter.php(499): CodeIgniter\CodeIgniter->runController(Object(App\Controllers\User))
 8 SYSTEMPATH\CodeIgniter.php(368): CodeIgniter\CodeIgniter->handleRequest(null, Object(Config\Cache), false)
 9 FCPATH\index.php(67): CodeIgniter\CodeIgniter->run()
ERROR - 2023-06-14 15:09:03 --> mysqli_sql_exception: Unknown column 'book_id' in 'where clause' in C:\xampp\htdocs\crud\system\Database\MySQLi\Connection.php:295
Stack trace:
#0 C:\xampp\htdocs\crud\system\Database\MySQLi\Connection.php(295): mysqli->query('select * from u...', 0)
#1 C:\xampp\htdocs\crud\system\Database\BaseConnection.php(692): CodeIgniter\Database\MySQLi\Connection->execute('select * from u...')
#2 C:\xampp\htdocs\crud\system\Database\BaseConnection.php(606): CodeIgniter\Database\BaseConnection->simpleQuery('select * from u...')
#3 C:\xampp\htdocs\crud\app\Models\User_model.php(23): CodeIgniter\Database\BaseConnection->query('select * from u...')
#4 C:\xampp\htdocs\crud\app\Controllers\User.php(38): App\Models\User_model->get_by_id('1')
#5 C:\xampp\htdocs\crud\system\CodeIgniter.php(934): App\Controllers\User->ajax_edit('1')
#6 C:\xampp\htdocs\crud\system\CodeIgniter.php(499): CodeIgniter\CodeIgniter->runController(Object(App\Controllers\User))
#7 C:\xampp\htdocs\crud\system\CodeIgniter.php(368): CodeIgniter\CodeIgniter->handleRequest(NULL, Object(Config\Cache), false)
#8 C:\xampp\htdocs\crud\public\index.php(67): CodeIgniter\CodeIgniter->run()
#9 {main}
CRITICAL - 2023-06-14 15:09:03 --> Unknown column 'book_id' in 'where clause'
in SYSTEMPATH\Database\MySQLi\Connection.php on line 295.
 1 SYSTEMPATH\Database\MySQLi\Connection.php(295): mysqli->query('select * from users where book_id =1', 0)
 2 SYSTEMPATH\Database\BaseConnection.php(692): CodeIgniter\Database\MySQLi\Connection->execute('select * from users where book_id =1')
 3 SYSTEMPATH\Database\BaseConnection.php(606): CodeIgniter\Database\BaseConnection->simpleQuery('select * from users where book_id =1')
 4 APPPATH\Models\User_model.php(23): CodeIgniter\Database\BaseConnection->query('select * from users where book_id =1')
 5 APPPATH\Controllers\User.php(38): App\Models\User_model->get_by_id('1')
 6 SYSTEMPATH\CodeIgniter.php(934): App\Controllers\User->ajax_edit('1')
 7 SYSTEMPATH\CodeIgniter.php(499): CodeIgniter\CodeIgniter->runController(Object(App\Controllers\User))
 8 SYSTEMPATH\CodeIgniter.php(368): CodeIgniter\CodeIgniter->handleRequest(null, Object(Config\Cache), false)
 9 FCPATH\index.php(67): CodeIgniter\CodeIgniter->run()
ERROR - 2023-06-14 15:09:15 --> mysqli_sql_exception: Unknown column 'book_id' in 'where clause' in C:\xampp\htdocs\crud\system\Database\MySQLi\Connection.php:295
Stack trace:
#0 C:\xampp\htdocs\crud\system\Database\MySQLi\Connection.php(295): mysqli->query('select * from u...', 0)
#1 C:\xampp\htdocs\crud\system\Database\BaseConnection.php(692): CodeIgniter\Database\MySQLi\Connection->execute('select * from u...')
#2 C:\xampp\htdocs\crud\system\Database\BaseConnection.php(606): CodeIgniter\Database\BaseConnection->simpleQuery('select * from u...')
#3 C:\xampp\htdocs\crud\app\Models\User_model.php(23): CodeIgniter\Database\BaseConnection->query('select * from u...')
#4 C:\xampp\htdocs\crud\app\Controllers\User.php(38): App\Models\User_model->get_by_id('1')
#5 C:\xampp\htdocs\crud\system\CodeIgniter.php(934): App\Controllers\User->ajax_edit('1')
#6 C:\xampp\htdocs\crud\system\CodeIgniter.php(499): CodeIgniter\CodeIgniter->runController(Object(App\Controllers\User))
#7 C:\xampp\htdocs\crud\system\CodeIgniter.php(368): CodeIgniter\CodeIgniter->handleRequest(NULL, Object(Config\Cache), false)
#8 C:\xampp\htdocs\crud\public\index.php(67): CodeIgniter\CodeIgniter->run()
#9 {main}
CRITICAL - 2023-06-14 15:09:15 --> Unknown column 'book_id' in 'where clause'
in SYSTEMPATH\Database\MySQLi\Connection.php on line 295.
 1 SYSTEMPATH\Database\MySQLi\Connection.php(295): mysqli->query('select * from users where book_id =1', 0)
 2 SYSTEMPATH\Database\BaseConnection.php(692): CodeIgniter\Database\MySQLi\Connection->execute('select * from users where book_id =1')
 3 SYSTEMPATH\Database\BaseConnection.php(606): CodeIgniter\Database\BaseConnection->simpleQuery('select * from users where book_id =1')
 4 APPPATH\Models\User_model.php(23): CodeIgniter\Database\BaseConnection->query('select * from users where book_id =1')
 5 APPPATH\Controllers\User.php(38): App\Models\User_model->get_by_id('1')
 6 SYSTEMPATH\CodeIgniter.php(934): App\Controllers\User->ajax_edit('1')
 7 SYSTEMPATH\CodeIgniter.php(499): CodeIgniter\CodeIgniter->runController(Object(App\Controllers\User))
 8 SYSTEMPATH\CodeIgniter.php(368): CodeIgniter\CodeIgniter->handleRequest(null, Object(Config\Cache), false)
 9 FCPATH\index.php(67): CodeIgniter\CodeIgniter->run()
ERROR - 2023-06-14 15:12:35 --> mysqli_sql_exception: Unknown column 'book_id' in 'where clause' in C:\xampp\htdocs\crud\system\Database\MySQLi\Connection.php:295
Stack trace:
#0 C:\xampp\htdocs\crud\system\Database\MySQLi\Connection.php(295): mysqli->query('select * from u...', 0)
#1 C:\xampp\htdocs\crud\system\Database\BaseConnection.php(692): CodeIgniter\Database\MySQLi\Connection->execute('select * from u...')
#2 C:\xampp\htdocs\crud\system\Database\BaseConnection.php(606): CodeIgniter\Database\BaseConnection->simpleQuery('select * from u...')
#3 C:\xampp\htdocs\crud\app\Models\User_model.php(23): CodeIgniter\Database\BaseConnection->query('select * from u...')
#4 C:\xampp\htdocs\crud\app\Controllers\User.php(38): App\Models\User_model->get_by_id('1')
#5 C:\xampp\htdocs\crud\system\CodeIgniter.php(934): App\Controllers\User->ajax_edit('1')
#6 C:\xampp\htdocs\crud\system\CodeIgniter.php(499): CodeIgniter\CodeIgniter->runController(Object(App\Controllers\User))
#7 C:\xampp\htdocs\crud\system\CodeIgniter.php(368): CodeIgniter\CodeIgniter->handleRequest(NULL, Object(Config\Cache), false)
#8 C:\xampp\htdocs\crud\public\index.php(67): CodeIgniter\CodeIgniter->run()
#9 {main}
CRITICAL - 2023-06-14 15:12:35 --> Unknown column 'book_id' in 'where clause'
in SYSTEMPATH\Database\MySQLi\Connection.php on line 295.
 1 SYSTEMPATH\Database\MySQLi\Connection.php(295): mysqli->query('select * from users where book_id =1', 0)
 2 SYSTEMPATH\Database\BaseConnection.php(692): CodeIgniter\Database\MySQLi\Connection->execute('select * from users where book_id =1')
 3 SYSTEMPATH\Database\BaseConnection.php(606): CodeIgniter\Database\BaseConnection->simpleQuery('select * from users where book_id =1')
 4 APPPATH\Models\User_model.php(23): CodeIgniter\Database\BaseConnection->query('select * from users where book_id =1')
 5 APPPATH\Controllers\User.php(38): App\Models\User_model->get_by_id('1')
 6 SYSTEMPATH\CodeIgniter.php(934): App\Controllers\User->ajax_edit('1')
 7 SYSTEMPATH\CodeIgniter.php(499): CodeIgniter\CodeIgniter->runController(Object(App\Controllers\User))
 8 SYSTEMPATH\CodeIgniter.php(368): CodeIgniter\CodeIgniter->handleRequest(null, Object(Config\Cache), false)
 9 FCPATH\index.php(67): CodeIgniter\CodeIgniter->run()
CRITICAL - 2023-06-14 15:16:32 --> Undefined variable: query
in APPPATH\Models\User_model.php on line 18.
 1 APPPATH\Models\User_model.php(18): CodeIgniter\Debug\Exceptions->errorHandler(8, 'Undefined variable: query', 'C:\\xampp\\htdocs\\crud\\app\\Models\\User_model.php', 18, [])
 2 APPPATH\Controllers\User.php(15): App\Models\User_model->get_all_books()
 3 SYSTEMPATH\CodeIgniter.php(934): App\Controllers\User->index()
 4 SYSTEMPATH\CodeIgniter.php(499): CodeIgniter\CodeIgniter->runController(Object(App\Controllers\User))
 5 SYSTEMPATH\CodeIgniter.php(368): CodeIgniter\CodeIgniter->handleRequest(null, Object(Config\Cache), false)
 6 FCPATH\index.php(67): CodeIgniter\CodeIgniter->run()
CRITICAL - 2023-06-14 15:16:35 --> Undefined property: stdClass::$passwod
in APPPATH\Views\user_view.php on line 44.
 1 APPPATH\Views\user_view.php(44): CodeIgniter\Debug\Exceptions->errorHandler(8, 'Undefined property: stdClass::$passwod', 'C:\\xampp\\htdocs\\crud\\app\\Views\\user_view.php', 44, [...])
 2 SYSTEMPATH\View\View.php(213): include('C:\\xampp\\htdocs\\crud\\app\\Views\\user_view.php')
 3 SYSTEMPATH\View\View.php(216): CodeIgniter\View\View->CodeIgniter\View\{closure}()
 4 SYSTEMPATH\Common.php(1184): CodeIgniter\View\View->render('user_view', [], true)
 5 APPPATH\Controllers\User.php(16): view('user_view', [...])
 6 SYSTEMPATH\CodeIgniter.php(934): App\Controllers\User->index()
 7 SYSTEMPATH\CodeIgniter.php(499): CodeIgniter\CodeIgniter->runController(Object(App\Controllers\User))
 8 SYSTEMPATH\CodeIgniter.php(368): CodeIgniter\CodeIgniter->handleRequest(null, Object(Config\Cache), false)
 9 FCPATH\index.php(67): CodeIgniter\CodeIgniter->run()
CRITICAL - 2023-06-14 15:16:36 --> Undefined property: stdClass::$passwod
in APPPATH\Views\user_view.php on line 44.
 1 APPPATH\Views\user_view.php(44): CodeIgniter\Debug\Exceptions->errorHandler(8, 'Undefined property: stdClass::$passwod', 'C:\\xampp\\htdocs\\crud\\app\\Views\\user_view.php', 44, [...])
 2 SYSTEMPATH\View\View.php(213): include('C:\\xampp\\htdocs\\crud\\app\\Views\\user_view.php')
 3 SYSTEMPATH\View\View.php(216): CodeIgniter\View\View->CodeIgniter\View\{closure}()
 4 SYSTEMPATH\Common.php(1184): CodeIgniter\View\View->render('user_view', [], true)
 5 APPPATH\Controllers\User.php(16): view('user_view', [...])
 6 SYSTEMPATH\CodeIgniter.php(934): App\Controllers\User->index()
 7 SYSTEMPATH\CodeIgniter.php(499): CodeIgniter\CodeIgniter->runController(Object(App\Controllers\User))
 8 SYSTEMPATH\CodeIgniter.php(368): CodeIgniter\CodeIgniter->handleRequest(null, Object(Config\Cache), false)
 9 FCPATH\index.php(67): CodeIgniter\CodeIgniter->run()
CRITICAL - 2023-06-14 15:16:36 --> Undefined property: stdClass::$passwod
in APPPATH\Views\user_view.php on line 44.
 1 APPPATH\Views\user_view.php(44): CodeIgniter\Debug\Exceptions->errorHandler(8, 'Undefined property: stdClass::$passwod', 'C:\\xampp\\htdocs\\crud\\app\\Views\\user_view.php', 44, [...])
 2 SYSTEMPATH\View\View.php(213): include('C:\\xampp\\htdocs\\crud\\app\\Views\\user_view.php')
 3 SYSTEMPATH\View\View.php(216): CodeIgniter\View\View->CodeIgniter\View\{closure}()
 4 SYSTEMPATH\Common.php(1184): CodeIgniter\View\View->render('user_view', [], true)
 5 APPPATH\Controllers\User.php(16): view('user_view', [...])
 6 SYSTEMPATH\CodeIgniter.php(934): App\Controllers\User->index()
 7 SYSTEMPATH\CodeIgniter.php(499): CodeIgniter\CodeIgniter->runController(Object(App\Controllers\User))
 8 SYSTEMPATH\CodeIgniter.php(368): CodeIgniter\CodeIgniter->handleRequest(null, Object(Config\Cache), false)
 9 FCPATH\index.php(67): CodeIgniter\CodeIgniter->run()
CRITICAL - 2023-06-14 15:16:36 --> Undefined property: stdClass::$passwod
in APPPATH\Views\user_view.php on line 44.
 1 APPPATH\Views\user_view.php(44): CodeIgniter\Debug\Exceptions->errorHandler(8, 'Undefined property: stdClass::$passwod', 'C:\\xampp\\htdocs\\crud\\app\\Views\\user_view.php', 44, [...])
 2 SYSTEMPATH\View\View.php(213): include('C:\\xampp\\htdocs\\crud\\app\\Views\\user_view.php')
 3 SYSTEMPATH\View\View.php(216): CodeIgniter\View\View->CodeIgniter\View\{closure}()
 4 SYSTEMPATH\Common.php(1184): CodeIgniter\View\View->render('user_view', [], true)
 5 APPPATH\Controllers\User.php(16): view('user_view', [...])
 6 SYSTEMPATH\CodeIgniter.php(934): App\Controllers\User->index()
 7 SYSTEMPATH\CodeIgniter.php(499): CodeIgniter\CodeIgniter->runController(Object(App\Controllers\User))
 8 SYSTEMPATH\CodeIgniter.php(368): CodeIgniter\CodeIgniter->handleRequest(null, Object(Config\Cache), false)
 9 FCPATH\index.php(67): CodeIgniter\CodeIgniter->run()
CRITICAL - 2023-06-14 15:16:40 --> Undefined property: stdClass::$passwod
in APPPATH\Views\user_view.php on line 44.
 1 APPPATH\Views\user_view.php(44): CodeIgniter\Debug\Exceptions->errorHandler(8, 'Undefined property: stdClass::$passwod', 'C:\\xampp\\htdocs\\crud\\app\\Views\\user_view.php', 44, [...])
 2 SYSTEMPATH\View\View.php(213): include('C:\\xampp\\htdocs\\crud\\app\\Views\\user_view.php')
 3 SYSTEMPATH\View\View.php(216): CodeIgniter\View\View->CodeIgniter\View\{closure}()
 4 SYSTEMPATH\Common.php(1184): CodeIgniter\View\View->render('user_view', [], true)
 5 APPPATH\Controllers\User.php(16): view('user_view', [...])
 6 SYSTEMPATH\CodeIgniter.php(934): App\Controllers\User->index()
 7 SYSTEMPATH\CodeIgniter.php(499): CodeIgniter\CodeIgniter->runController(Object(App\Controllers\User))
 8 SYSTEMPATH\CodeIgniter.php(368): CodeIgniter\CodeIgniter->handleRequest(null, Object(Config\Cache), false)
 9 FCPATH\index.php(67): CodeIgniter\CodeIgniter->run()
CRITICAL - 2023-06-14 15:16:40 --> Undefined property: stdClass::$passwod
in APPPATH\Views\user_view.php on line 44.
 1 APPPATH\Views\user_view.php(44): CodeIgniter\Debug\Exceptions->errorHandler(8, 'Undefined property: stdClass::$passwod', 'C:\\xampp\\htdocs\\crud\\app\\Views\\user_view.php', 44, [...])
 2 SYSTEMPATH\View\View.php(213): include('C:\\xampp\\htdocs\\crud\\app\\Views\\user_view.php')
 3 SYSTEMPATH\View\View.php(216): CodeIgniter\View\View->CodeIgniter\View\{closure}()
 4 SYSTEMPATH\Common.php(1184): CodeIgniter\View\View->render('user_view', [], true)
 5 APPPATH\Controllers\User.php(16): view('user_view', [...])
 6 SYSTEMPATH\CodeIgniter.php(934): App\Controllers\User->index()
 7 SYSTEMPATH\CodeIgniter.php(499): CodeIgniter\CodeIgniter->runController(Object(App\Controllers\User))
 8 SYSTEMPATH\CodeIgniter.php(368): CodeIgniter\CodeIgniter->handleRequest(null, Object(Config\Cache), false)
 9 FCPATH\index.php(67): CodeIgniter\CodeIgniter->run()
CRITICAL - 2023-06-14 15:16:40 --> Undefined property: stdClass::$passwod
in APPPATH\Views\user_view.php on line 44.
 1 APPPATH\Views\user_view.php(44): CodeIgniter\Debug\Exceptions->errorHandler(8, 'Undefined property: stdClass::$passwod', 'C:\\xampp\\htdocs\\crud\\app\\Views\\user_view.php', 44, [...])
 2 SYSTEMPATH\View\View.php(213): include('C:\\xampp\\htdocs\\crud\\app\\Views\\user_view.php')
 3 SYSTEMPATH\View\View.php(216): CodeIgniter\View\View->CodeIgniter\View\{closure}()
 4 SYSTEMPATH\Common.php(1184): CodeIgniter\View\View->render('user_view', [], true)
 5 APPPATH\Controllers\User.php(16): view('user_view', [...])
 6 SYSTEMPATH\CodeIgniter.php(934): App\Controllers\User->index()
 7 SYSTEMPATH\CodeIgniter.php(499): CodeIgniter\CodeIgniter->runController(Object(App\Controllers\User))
 8 SYSTEMPATH\CodeIgniter.php(368): CodeIgniter\CodeIgniter->handleRequest(null, Object(Config\Cache), false)
 9 FCPATH\index.php(67): CodeIgniter\CodeIgniter->run()
ERROR - 2023-06-14 15:17:01 --> mysqli_sql_exception: Unknown column 'book_id' in 'where clause' in C:\xampp\htdocs\crud\system\Database\MySQLi\Connection.php:295
Stack trace:
#0 C:\xampp\htdocs\crud\system\Database\MySQLi\Connection.php(295): mysqli->query('select * from u...', 0)
#1 C:\xampp\htdocs\crud\system\Database\BaseConnection.php(692): CodeIgniter\Database\MySQLi\Connection->execute('select * from u...')
#2 C:\xampp\htdocs\crud\system\Database\BaseConnection.php(606): CodeIgniter\Database\BaseConnection->simpleQuery('select * from u...')
#3 C:\xampp\htdocs\crud\app\Models\User_model.php(23): CodeIgniter\Database\BaseConnection->query('select * from u...')
#4 C:\xampp\htdocs\crud\app\Controllers\User.php(38): App\Models\User_model->get_by_id('1')
#5 C:\xampp\htdocs\crud\system\CodeIgniter.php(934): App\Controllers\User->ajax_edit('1')
#6 C:\xampp\htdocs\crud\system\CodeIgniter.php(499): CodeIgniter\CodeIgniter->runController(Object(App\Controllers\User))
#7 C:\xampp\htdocs\crud\system\CodeIgniter.php(368): CodeIgniter\CodeIgniter->handleRequest(NULL, Object(Config\Cache), false)
#8 C:\xampp\htdocs\crud\public\index.php(67): CodeIgniter\CodeIgniter->run()
#9 {main}
CRITICAL - 2023-06-14 15:17:01 --> Unknown column 'book_id' in 'where clause'
in SYSTEMPATH\Database\MySQLi\Connection.php on line 295.
 1 SYSTEMPATH\Database\MySQLi\Connection.php(295): mysqli->query('select * from users where book_id =1', 0)
 2 SYSTEMPATH\Database\BaseConnection.php(692): CodeIgniter\Database\MySQLi\Connection->execute('select * from users where book_id =1')
 3 SYSTEMPATH\Database\BaseConnection.php(606): CodeIgniter\Database\BaseConnection->simpleQuery('select * from users where book_id =1')
 4 APPPATH\Models\User_model.php(23): CodeIgniter\Database\BaseConnection->query('select * from users where book_id =1')
 5 APPPATH\Controllers\User.php(38): App\Models\User_model->get_by_id('1')
 6 SYSTEMPATH\CodeIgniter.php(934): App\Controllers\User->ajax_edit('1')
 7 SYSTEMPATH\CodeIgniter.php(499): CodeIgniter\CodeIgniter->runController(Object(App\Controllers\User))
 8 SYSTEMPATH\CodeIgniter.php(368): CodeIgniter\CodeIgniter->handleRequest(null, Object(Config\Cache), false)
 9 FCPATH\index.php(67): CodeIgniter\CodeIgniter->run()
ERROR - 2023-06-14 15:17:33 --> mysqli_sql_exception: Unknown column 'book_id' in 'where clause' in C:\xampp\htdocs\crud\system\Database\MySQLi\Connection.php:295
Stack trace:
#0 C:\xampp\htdocs\crud\system\Database\MySQLi\Connection.php(295): mysqli->query('select * from u...', 0)
#1 C:\xampp\htdocs\crud\system\Database\BaseConnection.php(692): CodeIgniter\Database\MySQLi\Connection->execute('select * from u...')
#2 C:\xampp\htdocs\crud\system\Database\BaseConnection.php(606): CodeIgniter\Database\BaseConnection->simpleQuery('select * from u...')
#3 C:\xampp\htdocs\crud\app\Models\User_model.php(23): CodeIgniter\Database\BaseConnection->query('select * from u...')
#4 C:\xampp\htdocs\crud\app\Controllers\User.php(38): App\Models\User_model->get_by_id('1')
#5 C:\xampp\htdocs\crud\system\CodeIgniter.php(934): App\Controllers\User->ajax_edit('1')
#6 C:\xampp\htdocs\crud\system\CodeIgniter.php(499): CodeIgniter\CodeIgniter->runController(Object(App\Controllers\User))
#7 C:\xampp\htdocs\crud\system\CodeIgniter.php(368): CodeIgniter\CodeIgniter->handleRequest(NULL, Object(Config\Cache), false)
#8 C:\xampp\htdocs\crud\public\index.php(67): CodeIgniter\CodeIgniter->run()
#9 {main}
CRITICAL - 2023-06-14 15:17:33 --> Unknown column 'book_id' in 'where clause'
in SYSTEMPATH\Database\MySQLi\Connection.php on line 295.
 1 SYSTEMPATH\Database\MySQLi\Connection.php(295): mysqli->query('select * from users where book_id =1', 0)
 2 SYSTEMPATH\Database\BaseConnection.php(692): CodeIgniter\Database\MySQLi\Connection->execute('select * from users where book_id =1')
 3 SYSTEMPATH\Database\BaseConnection.php(606): CodeIgniter\Database\BaseConnection->simpleQuery('select * from users where book_id =1')
 4 APPPATH\Models\User_model.php(23): CodeIgniter\Database\BaseConnection->query('select * from users where book_id =1')
 5 APPPATH\Controllers\User.php(38): App\Models\User_model->get_by_id('1')
 6 SYSTEMPATH\CodeIgniter.php(934): App\Controllers\User->ajax_edit('1')
 7 SYSTEMPATH\CodeIgniter.php(499): CodeIgniter\CodeIgniter->runController(Object(App\Controllers\User))
 8 SYSTEMPATH\CodeIgniter.php(368): CodeIgniter\CodeIgniter->handleRequest(null, Object(Config\Cache), false)
 9 FCPATH\index.php(67): CodeIgniter\CodeIgniter->run()
ERROR - 2023-06-14 15:17:46 --> mysqli_sql_exception: Unknown column 'book_id' in 'where clause' in C:\xampp\htdocs\crud\system\Database\MySQLi\Connection.php:295
Stack trace:
#0 C:\xampp\htdocs\crud\system\Database\MySQLi\Connection.php(295): mysqli->query('select * from u...', 0)
#1 C:\xampp\htdocs\crud\system\Database\BaseConnection.php(692): CodeIgniter\Database\MySQLi\Connection->execute('select * from u...')
#2 C:\xampp\htdocs\crud\system\Database\BaseConnection.php(606): CodeIgniter\Database\BaseConnection->simpleQuery('select * from u...')
#3 C:\xampp\htdocs\crud\app\Models\User_model.php(23): CodeIgniter\Database\BaseConnection->query('select * from u...')
#4 C:\xampp\htdocs\crud\app\Controllers\User.php(38): App\Models\User_model->get_by_id('1')
#5 C:\xampp\htdocs\crud\system\CodeIgniter.php(934): App\Controllers\User->ajax_edit('1')
#6 C:\xampp\htdocs\crud\system\CodeIgniter.php(499): CodeIgniter\CodeIgniter->runController(Object(App\Controllers\User))
#7 C:\xampp\htdocs\crud\system\CodeIgniter.php(368): CodeIgniter\CodeIgniter->handleRequest(NULL, Object(Config\Cache), false)
#8 C:\xampp\htdocs\crud\public\index.php(67): CodeIgniter\CodeIgniter->run()
#9 {main}
CRITICAL - 2023-06-14 15:17:46 --> Unknown column 'book_id' in 'where clause'
in SYSTEMPATH\Database\MySQLi\Connection.php on line 295.
 1 SYSTEMPATH\Database\MySQLi\Connection.php(295): mysqli->query('select * from users where book_id =1', 0)
 2 SYSTEMPATH\Database\BaseConnection.php(692): CodeIgniter\Database\MySQLi\Connection->execute('select * from users where book_id =1')
 3 SYSTEMPATH\Database\BaseConnection.php(606): CodeIgniter\Database\BaseConnection->simpleQuery('select * from users where book_id =1')
 4 APPPATH\Models\User_model.php(23): CodeIgniter\Database\BaseConnection->query('select * from users where book_id =1')
 5 APPPATH\Controllers\User.php(38): App\Models\User_model->get_by_id('1')
 6 SYSTEMPATH\CodeIgniter.php(934): App\Controllers\User->ajax_edit('1')
 7 SYSTEMPATH\CodeIgniter.php(499): CodeIgniter\CodeIgniter->runController(Object(App\Controllers\User))
 8 SYSTEMPATH\CodeIgniter.php(368): CodeIgniter\CodeIgniter->handleRequest(null, Object(Config\Cache), false)
 9 FCPATH\index.php(67): CodeIgniter\CodeIgniter->run()
ERROR - 2023-06-14 15:17:53 --> mysqli_sql_exception: Unknown column 'book_id' in 'where clause' in C:\xampp\htdocs\crud\system\Database\MySQLi\Connection.php:295
Stack trace:
#0 C:\xampp\htdocs\crud\system\Database\MySQLi\Connection.php(295): mysqli->query('select * from u...', 0)
#1 C:\xampp\htdocs\crud\system\Database\BaseConnection.php(692): CodeIgniter\Database\MySQLi\Connection->execute('select * from u...')
#2 C:\xampp\htdocs\crud\system\Database\BaseConnection.php(606): CodeIgniter\Database\BaseConnection->simpleQuery('select * from u...')
#3 C:\xampp\htdocs\crud\app\Models\User_model.php(23): CodeIgniter\Database\BaseConnection->query('select * from u...')
#4 C:\xampp\htdocs\crud\app\Controllers\User.php(38): App\Models\User_model->get_by_id('1')
#5 C:\xampp\htdocs\crud\system\CodeIgniter.php(934): App\Controllers\User->ajax_edit('1')
#6 C:\xampp\htdocs\crud\system\CodeIgniter.php(499): CodeIgniter\CodeIgniter->runController(Object(App\Controllers\User))
#7 C:\xampp\htdocs\crud\system\CodeIgniter.php(368): CodeIgniter\CodeIgniter->handleRequest(NULL, Object(Config\Cache), false)
#8 C:\xampp\htdocs\crud\public\index.php(67): CodeIgniter\CodeIgniter->run()
#9 {main}
CRITICAL - 2023-06-14 15:17:53 --> Unknown column 'book_id' in 'where clause'
in SYSTEMPATH\Database\MySQLi\Connection.php on line 295.
 1 SYSTEMPATH\Database\MySQLi\Connection.php(295): mysqli->query('select * from users where book_id =1', 0)
 2 SYSTEMPATH\Database\BaseConnection.php(692): CodeIgniter\Database\MySQLi\Connection->execute('select * from users where book_id =1')
 3 SYSTEMPATH\Database\BaseConnection.php(606): CodeIgniter\Database\BaseConnection->simpleQuery('select * from users where book_id =1')
 4 APPPATH\Models\User_model.php(23): CodeIgniter\Database\BaseConnection->query('select * from users where book_id =1')
 5 APPPATH\Controllers\User.php(38): App\Models\User_model->get_by_id('1')
 6 SYSTEMPATH\CodeIgniter.php(934): App\Controllers\User->ajax_edit('1')
 7 SYSTEMPATH\CodeIgniter.php(499): CodeIgniter\CodeIgniter->runController(Object(App\Controllers\User))
 8 SYSTEMPATH\CodeIgniter.php(368): CodeIgniter\CodeIgniter->handleRequest(null, Object(Config\Cache), false)
 9 FCPATH\index.php(67): CodeIgniter\CodeIgniter->run()
CRITICAL - 2023-06-14 16:11:39 --> Undefined property: stdClass::$firstname
in APPPATH\Views\user_view.php on line 39.
 1 APPPATH\Views\user_view.php(39): CodeIgniter\Debug\Exceptions->errorHandler(8, 'Undefined property: stdClass::$firstname', 'C:\\xampp\\htdocs\\crud\\app\\Views\\user_view.php', 39, [...])
 2 SYSTEMPATH\View\View.php(213): include('C:\\xampp\\htdocs\\crud\\app\\Views\\user_view.php')
 3 SYSTEMPATH\View\View.php(216): CodeIgniter\View\View->CodeIgniter\View\{closure}()
 4 SYSTEMPATH\Common.php(1184): CodeIgniter\View\View->render('user_view', [], true)
 5 APPPATH\Controllers\User.php(16): view('user_view', [...])
 6 SYSTEMPATH\CodeIgniter.php(934): App\Controllers\User->index()
 7 SYSTEMPATH\CodeIgniter.php(499): CodeIgniter\CodeIgniter->runController(Object(App\Controllers\User))
 8 SYSTEMPATH\CodeIgniter.php(368): CodeIgniter\CodeIgniter->handleRequest(null, Object(Config\Cache), false)
 9 FCPATH\index.php(67): CodeIgniter\CodeIgniter->run()
CRITICAL - 2023-06-14 16:12:18 --> Undefined property: stdClass::$firstname
in APPPATH\Views\user_view.php on line 39.
 1 APPPATH\Views\user_view.php(39): CodeIgniter\Debug\Exceptions->errorHandler(8, 'Undefined property: stdClass::$firstname', 'C:\\xampp\\htdocs\\crud\\app\\Views\\user_view.php', 39, [...])
 2 SYSTEMPATH\View\View.php(213): include('C:\\xampp\\htdocs\\crud\\app\\Views\\user_view.php')
 3 SYSTEMPATH\View\View.php(216): CodeIgniter\View\View->CodeIgniter\View\{closure}()
 4 SYSTEMPATH\Common.php(1184): CodeIgniter\View\View->render('user_view', [], true)
 5 APPPATH\Controllers\User.php(16): view('user_view', [...])
 6 SYSTEMPATH\CodeIgniter.php(934): App\Controllers\User->index()
 7 SYSTEMPATH\CodeIgniter.php(499): CodeIgniter\CodeIgniter->runController(Object(App\Controllers\User))
 8 SYSTEMPATH\CodeIgniter.php(368): CodeIgniter\CodeIgniter->handleRequest(null, Object(Config\Cache), false)
 9 FCPATH\index.php(67): CodeIgniter\CodeIgniter->run()
CRITICAL - 2023-06-14 16:12:18 --> Undefined property: stdClass::$firstname
in APPPATH\Views\user_view.php on line 39.
 1 APPPATH\Views\user_view.php(39): CodeIgniter\Debug\Exceptions->errorHandler(8, 'Undefined property: stdClass::$firstname', 'C:\\xampp\\htdocs\\crud\\app\\Views\\user_view.php', 39, [...])
 2 SYSTEMPATH\View\View.php(213): include('C:\\xampp\\htdocs\\crud\\app\\Views\\user_view.php')
 3 SYSTEMPATH\View\View.php(216): CodeIgniter\View\View->CodeIgniter\View\{closure}()
 4 SYSTEMPATH\Common.php(1184): CodeIgniter\View\View->render('user_view', [], true)
 5 APPPATH\Controllers\User.php(16): view('user_view', [...])
 6 SYSTEMPATH\CodeIgniter.php(934): App\Controllers\User->index()
 7 SYSTEMPATH\CodeIgniter.php(499): CodeIgniter\CodeIgniter->runController(Object(App\Controllers\User))
 8 SYSTEMPATH\CodeIgniter.php(368): CodeIgniter\CodeIgniter->handleRequest(null, Object(Config\Cache), false)
 9 FCPATH\index.php(67): CodeIgniter\CodeIgniter->run()
CRITICAL - 2023-06-14 16:12:18 --> Undefined property: stdClass::$firstname
in APPPATH\Views\user_view.php on line 39.
 1 APPPATH\Views\user_view.php(39): CodeIgniter\Debug\Exceptions->errorHandler(8, 'Undefined property: stdClass::$firstname', 'C:\\xampp\\htdocs\\crud\\app\\Views\\user_view.php', 39, [...])
 2 SYSTEMPATH\View\View.php(213): include('C:\\xampp\\htdocs\\crud\\app\\Views\\user_view.php')
 3 SYSTEMPATH\View\View.php(216): CodeIgniter\View\View->CodeIgniter\View\{closure}()
 4 SYSTEMPATH\Common.php(1184): CodeIgniter\View\View->render('user_view', [], true)
 5 APPPATH\Controllers\User.php(16): view('user_view', [...])
 6 SYSTEMPATH\CodeIgniter.php(934): App\Controllers\User->index()
 7 SYSTEMPATH\CodeIgniter.php(499): CodeIgniter\CodeIgniter->runController(Object(App\Controllers\User))
 8 SYSTEMPATH\CodeIgniter.php(368): CodeIgniter\CodeIgniter->handleRequest(null, Object(Config\Cache), false)
 9 FCPATH\index.php(67): CodeIgniter\CodeIgniter->run()
CRITICAL - 2023-06-14 16:12:18 --> Undefined property: stdClass::$firstname
in APPPATH\Views\user_view.php on line 39.
 1 APPPATH\Views\user_view.php(39): CodeIgniter\Debug\Exceptions->errorHandler(8, 'Undefined property: stdClass::$firstname', 'C:\\xampp\\htdocs\\crud\\app\\Views\\user_view.php', 39, [...])
 2 SYSTEMPATH\View\View.php(213): include('C:\\xampp\\htdocs\\crud\\app\\Views\\user_view.php')
 3 SYSTEMPATH\View\View.php(216): CodeIgniter\View\View->CodeIgniter\View\{closure}()
 4 SYSTEMPATH\Common.php(1184): CodeIgniter\View\View->render('user_view', [], true)
 5 APPPATH\Controllers\User.php(16): view('user_view', [...])
 6 SYSTEMPATH\CodeIgniter.php(934): App\Controllers\User->index()
 7 SYSTEMPATH\CodeIgniter.php(499): CodeIgniter\CodeIgniter->runController(Object(App\Controllers\User))
 8 SYSTEMPATH\CodeIgniter.php(368): CodeIgniter\CodeIgniter->handleRequest(null, Object(Config\Cache), false)
 9 FCPATH\index.php(67): CodeIgniter\CodeIgniter->run()
